<?xml version="1.0" encoding="utf-8"?><testsuites name="pytest tests"><testsuite name="pytest" errors="0" failures="0" skipped="0" tests="29" time="0.526" timestamp="2026-09-19T17:38:02.785591+00:00" hostname="agent-env-5f02b398-43c6-4d90-bae6-97c2254ec21b"><testcase classname="tests.test_jobs" name="test_consent_required" time="0.066" /><testcase classname="tests.test_jobs" name="test_create_job_records_consent_and_transition" time="0.035" /><testcase classname="tests.test_jobs" name="test_duplicate_is_idempotent" time="0.023" /><testcase classname="tests.test_jobs" name="test_idempotency_key_stable_across_restart" time="0.025" /><testcase classname="tests.test_jobs" name="test_pending_limit_enforced" time="0.028" /><testcase classname="tests.test_jobs" name="test_family_capacity_enforced" time="0.051" /><testcase classname="tests.test_recovery" name="test_interrupted_session_recovers_from_state_machine" time="0.035" /><testcase classname="tests.test_recovery" name="test_cancel_marks_cancelled" time="0.026" /><testcase classname="tests.test_recovery" name="test_unknown_requires_review_result" time="0.032" /><testcase classname="tests.test_recovery" name="test_audit_is_redacted" time="0.023" /><testcase classname="tests.test_recovery" name="test_redaction_helpers" time="0.000" /><testcase classname="tests.test_recovery" name="test_workflow_handoff_has_official_url_and_steps" time="0.001" /><testcase classname="tests.test_scheduler" name="test_backoff_is_exponential_and_capped" time="0.000" /><testcase classname="tests.test_scheduler" name="test_next_attempt_in_future" time="0.000" /><testcase classname="tests.test_scheduler" name="test_time_window" time="0.000" /><testcase classname="tests.test_scheduler" name="test_should_retry_bounds" time="0.000" /><testcase classname="tests.test_scheduler" name="test_permanent_failure_never_retries" time="0.029" /><testcase classname="tests.test_scheduler" name="test_transient_failure_backs_off_then_escalates" time="0.036" /><testcase classname="tests.test_scheduler" name="test_permanently_failed_cannot_resume" time="0.035" /><testcase classname="tests.test_scheduler" name="test_resume_requires_human_review" time="0.047" /><testcase classname="tests.test_validation" name="test_invalid_dates_rejected[2020-02-30]" time="0.000" /><testcase classname="tests.test_validation" name="test_invalid_dates_rejected[not-a-date]" time="0.000" /><testcase classname="tests.test_validation" name="test_invalid_dates_rejected[2020-13-01]" time="0.000" /><testcase classname="tests.test_validation" name="test_invalid_dates_rejected[]" time="0.000" /><testcase classname="tests.test_validation" name="test_invalid_dates_rejected[2020/01/01]" time="0.000" /><testcase classname="tests.test_validation" name="test_invalid_dates_rejected[15-04-2015]" time="0.000" /><testcase classname="tests.test_validation" name="test_future_date_rejected" time="0.000" /><testcase classname="tests.test_validation" name="test_absurd_year_rejected" time="0.000" /><testcase classname="tests.test_validation" name="test_valid_date_is_preserved" time="0.000" /></testsuite></testsuites>